# JRE version: Java(TM) SE Runtime Environment (8.0_60-b27) (build 1.8.0_60-b27)
# Java VM: Java HotSpot(TM) 64-Bit Server VM (25.60-b23 mixed mode windows-amd64 compressed oops)
Heap:
 PSYoungGen      total 666112K, used 231754K [0x00000000d6000000, 0x0000000100000000, 0x0000000100000000)
  eden space 644096K, 35% used [0x00000000d6000000,0x00000000e4252828,0x00000000fd500000)
  from space 22016K, 0% used [0x00000000fd500000,0x00000000fd500000,0x00000000fea80000)
  to   space 21504K, 0% used [0x00000000feb00000,0x00000000feb00000,0x0000000100000000)
 ParOldGen       total 374784K, used 44864K [0x0000000082000000, 0x0000000098e00000, 0x00000000d6000000)
  object space 374784K, 11% used [0x0000000082000000,0x0000000084bd0028,0x0000000098e00000)
 Metaspace       used 3806K, capacity 4908K, committed 5120K, reserved 1056768K
  class space    used 392K, capacity 424K, committed 512K, reserved 1048576K
GC Heap History (10 events):
Event: 8.122 GC heap before
{Heap before GC invocations=31 (full 13):
 PSYoungGen      total 659456K, used 644089K [0x00000000d6000000, 0x0000000100000000, 0x0000000100000000)
  eden space 644096K, 99% used [0x00000000d6000000,0x00000000fd4fe620,0x00000000fd500000)
  from space 15360K, 0% used [0x00000000ff100000,0x00000000ff100000,0x0000000100000000)
  to   space 22016K, 0% used [0x00000000fd500000,0x00000000fd500000,0x00000000fea80000)
 ParOldGen       total 374784K, used 374783K [0x0000000082000000, 0x0000000098e00000, 0x00000000d6000000)
  object space 374784K, 99% used [0x0000000082000000,0x0000000098dffcd0,0x0000000098e00000)
 Metaspace       used 3746K, capacity 4908K, committed 5120K, reserved 1056768K
  class space    used 387K, capacity 424K, committed 512K, reserved 1048576K
Event: 8.138 GC heap after
Heap after GC invocations=31 (full 13):
 PSYoungGen      total 659456K, used 644089K [0x00000000d6000000, 0x0000000100000000, 0x0000000100000000)
  eden space 644096K, 99% used [0x00000000d6000000,0x00000000fd4fe620,0x00000000fd500000)
  from space 15360K, 0% used [0x00000000ff100000,0x00000000ff100000,0x0000000100000000)
  to   space 22016K, 0% used [0x00000000fd500000,0x00000000fd500000,0x00000000fea80000)
 ParOldGen       total 374784K, used 374783K [0x0000000082000000, 0x0000000098e00000, 0x00000000d6000000)
  object space 374784K, 99% used [0x0000000082000000,0x0000000098dffcd0,0x0000000098e00000)
 Metaspace       used 3746K, capacity 4908K, committed 5120K, reserved 1056768K
  class space    used 387K, capacity 424K, committed 512K, reserved 1048576K
}
Event: 8.138 GC heap before
{Heap before GC invocations=32 (full 14):
 PSYoungGen      total 659456K, used 644089K [0x00000000d6000000, 0x0000000100000000, 0x0000000100000000)
  eden space 644096K, 99% used [0x00000000d6000000,0x00000000fd4fe620,0x00000000fd500000)
  from space 15360K, 0% used [0x00000000ff100000,0x00000000ff100000,0x0000000100000000)
  to   space 22016K, 0% used [0x00000000fd500000,0x00000000fd500000,0x00000000fea80000)
 ParOldGen       total 374784K, used 374783K [0x0000000082000000, 0x0000000098e00000, 0x00000000d6000000)
  object space 374784K, 99% used [0x0000000082000000,0x0000000098dffcd0,0x0000000098e00000)
 Metaspace       used 3746K, capacity 4908K, committed 5120K, reserved 1056768K
  class space    used 387K, capacity 424K, committed 512K, reserved 1048576K
Event: 8.153 GC heap after
Heap after GC invocations=32 (full 14):
 PSYoungGen      total 659456K, used 644089K [0x00000000d6000000, 0x0000000100000000, 0x0000000100000000)
  eden space 644096K, 99% used [0x00000000d6000000,0x00000000fd4fe620,0x00000000fd500000)
  from space 15360K, 0% used [0x00000000ff100000,0x00000000ff100000,0x0000000100000000)
  to   space 22016K, 0% used [0x00000000fd500000,0x00000000fd500000,0x00000000fea80000)
 ParOldGen       total 374784K, used 374783K [0x0000000082000000, 0x0000000098e00000, 0x00000000d6000000)
  object space 374784K, 99% used [0x0000000082000000,0x0000000098dffcd0,0x0000000098e00000)
 Metaspace       used 3746K, capacity 4908K, committed 5120K, reserved 1056768K
  class space    used 387K, capacity 424K, committed 512K, reserved 1048576K
}
Event: 8.165 GC heap before
{Heap before GC invocations=33 (full 15):
 PSYoungGen      total 659456K, used 644096K [0x00000000d6000000, 0x0000000100000000, 0x0000000100000000)
  eden space 644096K, 100% used [0x00000000d6000000,0x00000000fd500000,0x00000000fd500000)
  from space 15360K, 0% used [0x00000000ff100000,0x00000000ff100000,0x0000000100000000)
  to   space 22016K, 0% used [0x00000000fd500000,0x00000000fd500000,0x00000000fea80000)
 ParOldGen       total 374784K, used 374783K [0x0000000082000000, 0x0000000098e00000, 0x00000000d6000000)
  object space 374784K, 99% used [0x0000000082000000,0x0000000098dfffd0,0x0000000098e00000)
 Metaspace       used 3750K, capacity 4908K, committed 5120K, reserved 1056768K
  class space    used 388K, capacity 424K, committed 512K, reserved 1048576K
Event: 8.175 GC heap after
Heap after GC invocations=33 (full 15):
 PSYoungGen      total 659456K, used 0K [0x00000000d6000000, 0x0000000100000000, 0x0000000100000000)
  eden space 644096K, 0% used [0x00000000d6000000,0x00000000d6000000,0x00000000fd500000)
  from space 15360K, 0% used [0x00000000ff100000,0x00000000ff100000,0x0000000100000000)
  to   space 22016K, 0% used [0x00000000fd500000,0x00000000fd500000,0x00000000fea80000)
 ParOldGen       total 374784K, used 45058K [0x0000000082000000, 0x0000000098e00000, 0x00000000d6000000)
  object space 374784K, 12% used [0x0000000082000000,0x0000000084c00978,0x0000000098e00000)
 Metaspace       used 3750K, capacity 4908K, committed 5120K, reserved 1056768K
  class space    used 388K, capacity 424K, committed 512K, reserved 1048576K
}
Event: 8.279 GC heap before
{Heap before GC invocations=34 (full 15):
 PSYoungGen      total 659456K, used 33825K [0x00000000d6000000, 0x0000000100000000, 0x0000000100000000)
  eden space 644096K, 5% used [0x00000000d6000000,0x00000000d81087b8,0x00000000fd500000)
  from space 15360K, 0% used [0x00000000ff100000,0x00000000ff100000,0x0000000100000000)
  to   space 22016K, 0% used [0x00000000fd500000,0x00000000fd500000,0x00000000fea80000)
 ParOldGen       total 374784K, used 45058K [0x0000000082000000, 0x0000000098e00000, 0x00000000d6000000)
  object space 374784K, 12% used [0x0000000082000000,0x0000000084c00978,0x0000000098e00000)
 Metaspace       used 3790K, capacity 4908K, committed 5120K, reserved 1056768K
  class space    used 391K, capacity 424K, committed 512K, reserved 1048576K
Event: 8.280 GC heap after
Heap after GC invocations=34 (full 15):
 PSYoungGen      total 666112K, used 96K [0x00000000d6000000, 0x0000000100000000, 0x0000000100000000)
  eden space 644096K, 0% used [0x00000000d6000000,0x00000000d6000000,0x00000000fd500000)
  from space 22016K, 0% used [0x00000000fd500000,0x00000000fd518000,0x00000000fea80000)
  to   space 21504K, 0% used [0x00000000feb00000,0x00000000feb00000,0x0000000100000000)
 ParOldGen       total 374784K, used 45058K [0x0000000082000000, 0x0000000098e00000, 0x00000000d6000000)
  object space 374784K, 12% used [0x0000000082000000,0x0000000084c00978,0x0000000098e00000)
 Metaspace       used 3790K, capacity 4908K, committed 5120K, reserved 1056768K
  class space    used 391K, capacity 424K, committed 512K, reserved 1048576K
}
Event: 8.280 GC heap before
{Heap before GC invocations=35 (full 16):
 PSYoungGen      total 666112K, used 96K [0x00000000d6000000, 0x0000000100000000, 0x0000000100000000)
  eden space 644096K, 0% used [0x00000000d6000000,0x00000000d6000000,0x00000000fd500000)
  from space 22016K, 0% used [0x00000000fd500000,0x00000000fd518000,0x00000000fea80000)
  to   space 21504K, 0% used [0x00000000feb00000,0x00000000feb00000,0x0000000100000000)
 ParOldGen       total 374784K, used 45058K [0x0000000082000000, 0x0000000098e00000, 0x00000000d6000000)
  object space 374784K, 12% used [0x0000000082000000,0x0000000084c00978,0x0000000098e00000)
 Metaspace       used 3790K, capacity 4908K, committed 5120K, reserved 1056768K
  class space    used 391K, capacity 424K, committed 512K, reserved 1048576K
Event: 8.312 GC heap after
Heap after GC invocations=35 (full 16):
 PSYoungGen      total 666112K, used 0K [0x00000000d6000000, 0x0000000100000000, 0x0000000100000000)
  eden space 644096K, 0% used [0x00000000d6000000,0x00000000d6000000,0x00000000fd500000)
  from space 22016K, 0% used [0x00000000fd500000,0x00000000fd500000,0x00000000fea80000)
  to   space 21504K, 0% used [0x00000000feb00000,0x00000000feb00000,0x0000000100000000)
 ParOldGen       total 374784K, used 44864K [0x0000000082000000, 0x0000000098e00000, 0x00000000d6000000)
  object space 374784K, 11% used [0x0000000082000000,0x0000000084bd0028,0x0000000098e00000)
 Metaspace       used 3790K, capacity 4908K, committed 5120K, reserved 1056768K
  class space    used 391K, capacity 424K, committed 512K, reserved 1048576K
}

